0 info it worked if it ends with ok
1 verbose cli [ '/Users/mkale9/.nvm/versions/node/v4.2.6/bin/node',
1 verbose cli   '/Users/mkale9/.nvm/versions/node/v4.2.6/bin/npm',
1 verbose cli   'run',
1 verbose cli   'test',
1 verbose cli   'inbox.test.js' ]
2 info using npm@3.10.10
3 info using node@v4.2.6
4 verbose run-script [ 'pretest', 'test', 'posttest' ]
5 info lifecycle inbox@1.0.0~pretest: inbox@1.0.0
6 silly lifecycle inbox@1.0.0~pretest: no script for pretest, continuing
7 info lifecycle inbox@1.0.0~test: inbox@1.0.0
8 verbose lifecycle inbox@1.0.0~test: unsafe-perm in lifecycle true
9 verbose lifecycle inbox@1.0.0~test: PATH: /Users/mkale9/.nvm/versions/node/v4.2.6/lib/node_modules/npm/bin/node-gyp-bin:/Users/mkale9/Desktop/blockchain/inbox/node_modules/.bin:/Users/mkale9/.nvm/versions/node/v4.2.6/bin:/Library/Frameworks/Python.framework/Versions/3.5/bin:/usr/local/bin:/usr/bin:/bin:/usr/sbin:/sbin:/usr/local/git/bin
10 verbose lifecycle inbox@1.0.0~test: CWD: /Users/mkale9/Desktop/blockchain/inbox
11 silly lifecycle inbox@1.0.0~test: Args: [ '-c',
11 silly lifecycle   'echo "Error: no test specified" && exit 1 "inbox.test.js"' ]
12 silly lifecycle inbox@1.0.0~test: Returned: code: 1  signal: null
13 info lifecycle inbox@1.0.0~test: Failed to exec test script
14 verbose stack Error: inbox@1.0.0 test: `echo "Error: no test specified" && exit 1 "inbox.test.js"`
14 verbose stack Exit status 1
14 verbose stack     at EventEmitter.<anonymous> (/Users/mkale9/.nvm/versions/node/v4.2.6/lib/node_modules/npm/lib/utils/lifecycle.js:255:16)
14 verbose stack     at emitTwo (events.js:87:13)
14 verbose stack     at EventEmitter.emit (events.js:172:7)
14 verbose stack     at ChildProcess.<anonymous> (/Users/mkale9/.nvm/versions/node/v4.2.6/lib/node_modules/npm/lib/utils/spawn.js:40:14)
14 verbose stack     at emitTwo (events.js:87:13)
14 verbose stack     at ChildProcess.emit (events.js:172:7)
14 verbose stack     at maybeClose (internal/child_process.js:821:16)
14 verbose stack     at Process.ChildProcess._handle.onexit (internal/child_process.js:211:5)
15 verbose pkgid inbox@1.0.0
16 verbose cwd /Users/mkale9/Desktop/blockchain/inbox
17 error Darwin 16.7.0
18 error argv "/Users/mkale9/.nvm/versions/node/v4.2.6/bin/node" "/Users/mkale9/.nvm/versions/node/v4.2.6/bin/npm" "run" "test" "inbox.test.js"
19 error node v4.2.6
20 error npm  v3.10.10
21 error code ELIFECYCLE
22 error inbox@1.0.0 test: `echo "Error: no test specified" && exit 1 "inbox.test.js"`
22 error Exit status 1
23 error Failed at the inbox@1.0.0 test script 'echo "Error: no test specified" && exit 1 "inbox.test.js"'.
23 error Make sure you have the latest version of node.js and npm installed.
23 error If you do, this is most likely a problem with the inbox package,
23 error not with npm itself.
23 error Tell the author that this fails on your system:
23 error     echo "Error: no test specified" && exit 1 "inbox.test.js"
23 error You can get information on how to open an issue for this project with:
23 error     npm bugs inbox
23 error Or if that isn't available, you can get their info via:
23 error     npm owner ls inbox
23 error There is likely additional logging output above.
24 verbose exit [ 1, true ]
